<?xml version="1.0" encoding="UTF-8"?>
<!-- Generated by org.testng.reporters.JUnitReportReporter -->
<testsuite hostname="DESKTOP-P7GPACC" failures="0" tests="2" name="tests.TestRegistration" time="9.602" errors="0" timestamp="2022-09-06T19:38:33 EET" skipped="0">
  <testcase classname="tests.TestRegistration" name="ValidRegistrationTest" time="7.487"/>
  <system-out/>
  <testcase classname="tests.TestRegistration" name="EmptyFNameRegistrationTest" time="2.115"/>
  <system-out/>
</testsuite> <!-- tests.TestRegistration -->
