<?xml version="1.0" encoding="UTF-8"?>
<!-- Generated by org.testng.reporters.JUnitReportReporter -->
<testsuite hostname="DESKTOP-P7GPACC" failures="0" tests="21" name="tests.TestRegistration" time="98.913" errors="2" timestamp="2022-09-07T22:17:43 EET" skipped="2">
  <testcase classname="tests.TestRegistration" name="ValidRegistrationTest" time="8.322"/>
  <system-out/>
  <testcase classname="tests.TestRegistration" name="InValidRegistrationTest" time="2.472"/>
  <system-out/>
  <testcase classname="tests.TestRegistration" name="EmptyFNameRegistrationTest" time="2.705"/>
  <system-out/>
  <testcase classname="tests.TestRegistration" name="EmptyLNameRegistrationTest" time="2.193"/>
  <system-out/>
  <testcase classname="tests.TestRegistration" name="ValidEmailRegistrationTest" time="8.198"/>
  <system-out/>
  <testcase classname="tests.TestRegistration" name="ValidEmailRegistrationTest2" time="10.662"/>
  <system-out/>
  <testcase classname="tests.TestRegistration" name="ValidEmailRegistrationTest3" time="10.883"/>
  <system-out/>
  <testcase classname="tests.TestRegistration" name="ValidEmailRegistrationTest4" time="6.193"/>
  <system-out/>
  <testcase classname="tests.TestRegistration" name="ValidEmailRegistrationTest5" time="8.255"/>
  <system-out/>
  <testcase classname="tests.TestRegistration" name="ValidEmailRegistrationTest6" time="8.950"/>
  <system-out/>
  <testcase classname="tests.TestRegistration" name="ValidEmailRegistrationTest7" time="8.885"/>
  <system-out/>
  <testcase classname="tests.TestRegistration" name="ValidEmailRegistrationTest8" time="7.885"/>
  <system-out/>
  <testcase classname="tests.TestRegistration" name="EmptyEmailRegistrationTest" time="1.895"/>
  <system-out/>
  <testcase classname="tests.TestRegistration" name="InvalidEmailRegistrationTest" time="2.195"/>
  <system-out/>
  <testcase classname="tests.TestRegistration" name="InvalidEmailRegistrationTest2" time="2.165"/>
  <system-out/>
  <testcase classname="tests.TestRegistration" name="InvalidEmailRegistrationTest3" time="1.039">
    <error message="stale element reference: element is not attached to the page document
  (Session info: chrome=104.0.5112.102)
For documentation on this error, please visit: https://selenium.dev/exceptions/#stale_element_reference
Build info: version: &#039;4.4.0&#039;, revision: &#039;e5c75ed026a&#039;
System info: host: &#039;DESKTOP-P7GPACC&#039;, ip: &#039;192.168.1.40&#039;, os.name: &#039;Windows 10&#039;, os.arch: &#039;amd64&#039;, os.version: &#039;10.0&#039;, java.version: &#039;17.0.4&#039;
Driver info: org.openqa.selenium.chrome.ChromeDriver
Command: [038fe71990490bd7a624cc2379a69f69, clearElement {id=e90da69f-dcf7-46e0-a698-9092086b3777}]
Capabilities {acceptInsecureCerts: false, browserName: chrome, browserVersion: 104.0.5112.102, chrome: {chromedriverVersion: 104.0.5112.79 (3cf3e8c8a07d..., userDataDir: C:\Users\Maro\AppData\Local...}, goog:chromeOptions: {debuggerAddress: localhost:56695}, networkConnectionEnabled: false, pageLoadStrategy: normal, platformName: WINDOWS, proxy: Proxy(), se:cdp: ws://localhost:56695/devtoo..., se:cdpVersion: 104.0.5112.102, setWindowRect: true, strictFileInteractability: false, timeouts: {implicit: 0, pageLoad: 300000, script: 30000}, unhandledPromptBehavior: dismiss and notify, webauthn:extension:credBlob: true, webauthn:extension:largeBlob: true, webauthn:virtualAuthenticators: true}
Element: [[ChromeDriver: chrome on WINDOWS (038fe71990490bd7a624cc2379a69f69)] -&gt; id: nf-field-18]
Session ID: 038fe71990490bd7a624cc2379a69f69" type="org.openqa.selenium.StaleElementReferenceException">
      <![CDATA[org.openqa.selenium.StaleElementReferenceException: stale element reference: element is not attached to the page document
  (Session info: chrome=104.0.5112.102)
For documentation on this error, please visit: https://selenium.dev/exceptions/#stale_element_reference
Build info: version: '4.4.0', revision: 'e5c75ed026a'
System info: host: 'DESKTOP-P7GPACC', ip: '192.168.1.40', os.name: 'Windows 10', os.arch: 'amd64', os.version: '10.0', java.version: '17.0.4'
Driver info: org.openqa.selenium.chrome.ChromeDriver
Command: [038fe71990490bd7a624cc2379a69f69, clearElement {id=e90da69f-dcf7-46e0-a698-9092086b3777}]
Capabilities {acceptInsecureCerts: false, browserName: chrome, browserVersion: 104.0.5112.102, chrome: {chromedriverVersion: 104.0.5112.79 (3cf3e8c8a07d..., userDataDir: C:\Users\Maro\AppData\Local...}, goog:chromeOptions: {debuggerAddress: localhost:56695}, networkConnectionEnabled: false, pageLoadStrategy: normal, platformName: WINDOWS, proxy: Proxy(), se:cdp: ws://localhost:56695/devtoo..., se:cdpVersion: 104.0.5112.102, setWindowRect: true, strictFileInteractability: false, timeouts: {implicit: 0, pageLoad: 300000, script: 30000}, unhandledPromptBehavior: dismiss and notify, webauthn:extension:credBlob: true, webauthn:extension:largeBlob: true, webauthn:virtualAuthenticators: true}
Element: [[ChromeDriver: chrome on WINDOWS (038fe71990490bd7a624cc2379a69f69)] -> id: nf-field-18]
Session ID: 038fe71990490bd7a624cc2379a69f69
at java.base/jdk.internal.reflect.NativeConstructorAccessorImpl.newInstance0(Native Method)
at java.base/jdk.internal.reflect.NativeConstructorAccessorImpl.newInstance(NativeConstructorAccessorImpl.java:77)
at java.base/jdk.internal.reflect.DelegatingConstructorAccessorImpl.newInstance(DelegatingConstructorAccessorImpl.java:45)
at java.base/java.lang.reflect.Constructor.newInstanceWithCaller(Constructor.java:499)
at java.base/java.lang.reflect.Constructor.newInstance(Constructor.java:480)
at org.openqa.selenium.remote.codec.w3c.W3CHttpResponseCodec.createException(W3CHttpResponseCodec.java:200)
at org.openqa.selenium.remote.codec.w3c.W3CHttpResponseCodec.decode(W3CHttpResponseCodec.java:133)
at org.openqa.selenium.remote.codec.w3c.W3CHttpResponseCodec.decode(W3CHttpResponseCodec.java:53)
at org.openqa.selenium.remote.HttpCommandExecutor.execute(HttpCommandExecutor.java:184)
at org.openqa.selenium.remote.service.DriverCommandExecutor.invokeExecute(DriverCommandExecutor.java:167)
at org.openqa.selenium.remote.service.DriverCommandExecutor.execute(DriverCommandExecutor.java:142)
at org.openqa.selenium.remote.RemoteWebDriver.execute(RemoteWebDriver.java:547)
at org.openqa.selenium.remote.RemoteWebElement.execute(RemoteWebElement.java:257)
at org.openqa.selenium.remote.RemoteWebElement.clear(RemoteWebElement.java:132)
at jdk.internal.reflect.GeneratedMethodAccessor1.invoke(Unknown Source)
at java.base/jdk.internal.reflect.DelegatingMethodAccessorImpl.invoke(DelegatingMethodAccessorImpl.java:43)
at java.base/java.lang.reflect.Method.invoke(Method.java:568)
at org.openqa.selenium.support.pagefactory.internal.LocatingElementHandler.invoke(LocatingElementHandler.java:52)
at jdk.proxy2/jdk.proxy2.$Proxy19.clear(Unknown Source)
at pages.RegistrationPage.userRegistration(RegistrationPage.java:73)
at tests.TestRegistration.InvalidEmailRegistrationTest3(TestRegistration.java:241)
at java.base/jdk.internal.reflect.NativeMethodAccessorImpl.invoke0(Native Method)
at java.base/jdk.internal.reflect.NativeMethodAccessorImpl.invoke(NativeMethodAccessorImpl.java:77)
at java.base/jdk.internal.reflect.DelegatingMethodAccessorImpl.invoke(DelegatingMethodAccessorImpl.java:43)
at java.base/java.lang.reflect.Method.invoke(Method.java:568)
at org.testng.internal.invokers.MethodInvocationHelper.invokeMethod(MethodInvocationHelper.java:139)
at org.testng.internal.invokers.TestInvoker.invokeMethod(TestInvoker.java:677)
at org.testng.internal.invokers.TestInvoker.invokeTestMethod(TestInvoker.java:221)
at org.testng.internal.invokers.MethodRunner.runInSequence(MethodRunner.java:50)
at org.testng.internal.invokers.TestInvoker$MethodInvocationAgent.invoke(TestInvoker.java:962)
at org.testng.internal.invokers.TestInvoker.invokeTestMethods(TestInvoker.java:194)
at org.testng.internal.invokers.TestMethodWorker.invokeTestMethods(TestMethodWorker.java:148)
at org.testng.internal.invokers.TestMethodWorker.run(TestMethodWorker.java:128)
at java.base/java.util.ArrayList.forEach(ArrayList.java:1511)
at org.testng.TestRunner.privateRun(TestRunner.java:806)
at org.testng.TestRunner.run(TestRunner.java:601)
at org.testng.SuiteRunner.runTest(SuiteRunner.java:433)
at org.testng.SuiteRunner.runSequentially(SuiteRunner.java:427)
at org.testng.SuiteRunner.privateRun(SuiteRunner.java:387)
at org.testng.SuiteRunner.run(SuiteRunner.java:330)
at org.testng.SuiteRunnerWorker.runSuite(SuiteRunnerWorker.java:52)
at org.testng.SuiteRunnerWorker.run(SuiteRunnerWorker.java:95)
at org.testng.TestNG.runSuitesSequentially(TestNG.java:1256)
at org.testng.TestNG.runSuitesLocally(TestNG.java:1176)
at org.testng.TestNG.runSuites(TestNG.java:1099)
at org.testng.TestNG.run(TestNG.java:1067)
at org.testng.remote.AbstractRemoteTestNG.run(AbstractRemoteTestNG.java:115)
at org.testng.remote.RemoteTestNG.initAndRun(RemoteTestNG.java:251)
at org.testng.remote.RemoteTestNG.main(RemoteTestNG.java:77)
]]>
    </error>
  </testcase> <!-- InvalidEmailRegistrationTest3 -->
  <system-out/>
  <testcase classname="tests.TestRegistration" name="InvalidEmailRegistrationTest4" time="1.093">
    <error message="stale element reference: element is not attached to the page document
  (Session info: chrome=104.0.5112.102)
For documentation on this error, please visit: https://selenium.dev/exceptions/#stale_element_reference
Build info: version: &#039;4.4.0&#039;, revision: &#039;e5c75ed026a&#039;
System info: host: &#039;DESKTOP-P7GPACC&#039;, ip: &#039;192.168.1.40&#039;, os.name: &#039;Windows 10&#039;, os.arch: &#039;amd64&#039;, os.version: &#039;10.0&#039;, java.version: &#039;17.0.4&#039;
Driver info: org.openqa.selenium.chrome.ChromeDriver
Command: [038fe71990490bd7a624cc2379a69f69, clearElement {id=b428c1d4-f989-4ed5-8841-69e42d1a5b50}]
Capabilities {acceptInsecureCerts: false, browserName: chrome, browserVersion: 104.0.5112.102, chrome: {chromedriverVersion: 104.0.5112.79 (3cf3e8c8a07d..., userDataDir: C:\Users\Maro\AppData\Local...}, goog:chromeOptions: {debuggerAddress: localhost:56695}, networkConnectionEnabled: false, pageLoadStrategy: normal, platformName: WINDOWS, proxy: Proxy(), se:cdp: ws://localhost:56695/devtoo..., se:cdpVersion: 104.0.5112.102, setWindowRect: true, strictFileInteractability: false, timeouts: {implicit: 0, pageLoad: 300000, script: 30000}, unhandledPromptBehavior: dismiss and notify, webauthn:extension:credBlob: true, webauthn:extension:largeBlob: true, webauthn:virtualAuthenticators: true}
Element: [[ChromeDriver: chrome on WINDOWS (038fe71990490bd7a624cc2379a69f69)] -&gt; id: nf-field-17]
Session ID: 038fe71990490bd7a624cc2379a69f69" type="org.openqa.selenium.StaleElementReferenceException">
      <![CDATA[org.openqa.selenium.StaleElementReferenceException: stale element reference: element is not attached to the page document
  (Session info: chrome=104.0.5112.102)
For documentation on this error, please visit: https://selenium.dev/exceptions/#stale_element_reference
Build info: version: '4.4.0', revision: 'e5c75ed026a'
System info: host: 'DESKTOP-P7GPACC', ip: '192.168.1.40', os.name: 'Windows 10', os.arch: 'amd64', os.version: '10.0', java.version: '17.0.4'
Driver info: org.openqa.selenium.chrome.ChromeDriver
Command: [038fe71990490bd7a624cc2379a69f69, clearElement {id=b428c1d4-f989-4ed5-8841-69e42d1a5b50}]
Capabilities {acceptInsecureCerts: false, browserName: chrome, browserVersion: 104.0.5112.102, chrome: {chromedriverVersion: 104.0.5112.79 (3cf3e8c8a07d..., userDataDir: C:\Users\Maro\AppData\Local...}, goog:chromeOptions: {debuggerAddress: localhost:56695}, networkConnectionEnabled: false, pageLoadStrategy: normal, platformName: WINDOWS, proxy: Proxy(), se:cdp: ws://localhost:56695/devtoo..., se:cdpVersion: 104.0.5112.102, setWindowRect: true, strictFileInteractability: false, timeouts: {implicit: 0, pageLoad: 300000, script: 30000}, unhandledPromptBehavior: dismiss and notify, webauthn:extension:credBlob: true, webauthn:extension:largeBlob: true, webauthn:virtualAuthenticators: true}
Element: [[ChromeDriver: chrome on WINDOWS (038fe71990490bd7a624cc2379a69f69)] -> id: nf-field-17]
Session ID: 038fe71990490bd7a624cc2379a69f69
at java.base/jdk.internal.reflect.NativeConstructorAccessorImpl.newInstance0(Native Method)
at java.base/jdk.internal.reflect.NativeConstructorAccessorImpl.newInstance(NativeConstructorAccessorImpl.java:77)
at java.base/jdk.internal.reflect.DelegatingConstructorAccessorImpl.newInstance(DelegatingConstructorAccessorImpl.java:45)
at java.base/java.lang.reflect.Constructor.newInstanceWithCaller(Constructor.java:499)
at java.base/java.lang.reflect.Constructor.newInstance(Constructor.java:480)
at org.openqa.selenium.remote.codec.w3c.W3CHttpResponseCodec.createException(W3CHttpResponseCodec.java:200)
at org.openqa.selenium.remote.codec.w3c.W3CHttpResponseCodec.decode(W3CHttpResponseCodec.java:133)
at org.openqa.selenium.remote.codec.w3c.W3CHttpResponseCodec.decode(W3CHttpResponseCodec.java:53)
at org.openqa.selenium.remote.HttpCommandExecutor.execute(HttpCommandExecutor.java:184)
at org.openqa.selenium.remote.service.DriverCommandExecutor.invokeExecute(DriverCommandExecutor.java:167)
at org.openqa.selenium.remote.service.DriverCommandExecutor.execute(DriverCommandExecutor.java:142)
at org.openqa.selenium.remote.RemoteWebDriver.execute(RemoteWebDriver.java:547)
at org.openqa.selenium.remote.RemoteWebElement.execute(RemoteWebElement.java:257)
at org.openqa.selenium.remote.RemoteWebElement.clear(RemoteWebElement.java:132)
at jdk.internal.reflect.GeneratedMethodAccessor1.invoke(Unknown Source)
at java.base/jdk.internal.reflect.DelegatingMethodAccessorImpl.invoke(DelegatingMethodAccessorImpl.java:43)
at java.base/java.lang.reflect.Method.invoke(Method.java:568)
at org.openqa.selenium.support.pagefactory.internal.LocatingElementHandler.invoke(LocatingElementHandler.java:52)
at jdk.proxy2/jdk.proxy2.$Proxy19.clear(Unknown Source)
at pages.RegistrationPage.userRegistration(RegistrationPage.java:72)
at tests.TestRegistration.InvalidEmailRegistrationTest4(TestRegistration.java:254)
at java.base/jdk.internal.reflect.NativeMethodAccessorImpl.invoke0(Native Method)
at java.base/jdk.internal.reflect.NativeMethodAccessorImpl.invoke(NativeMethodAccessorImpl.java:77)
at java.base/jdk.internal.reflect.DelegatingMethodAccessorImpl.invoke(DelegatingMethodAccessorImpl.java:43)
at java.base/java.lang.reflect.Method.invoke(Method.java:568)
at org.testng.internal.invokers.MethodInvocationHelper.invokeMethod(MethodInvocationHelper.java:139)
at org.testng.internal.invokers.TestInvoker.invokeMethod(TestInvoker.java:677)
at org.testng.internal.invokers.TestInvoker.invokeTestMethod(TestInvoker.java:221)
at org.testng.internal.invokers.MethodRunner.runInSequence(MethodRunner.java:50)
at org.testng.internal.invokers.TestInvoker$MethodInvocationAgent.invoke(TestInvoker.java:962)
at org.testng.internal.invokers.TestInvoker.invokeTestMethods(TestInvoker.java:194)
at org.testng.internal.invokers.TestMethodWorker.invokeTestMethods(TestMethodWorker.java:148)
at org.testng.internal.invokers.TestMethodWorker.run(TestMethodWorker.java:128)
at java.base/java.util.ArrayList.forEach(ArrayList.java:1511)
at org.testng.TestRunner.privateRun(TestRunner.java:806)
at org.testng.TestRunner.run(TestRunner.java:601)
at org.testng.SuiteRunner.runTest(SuiteRunner.java:433)
at org.testng.SuiteRunner.runSequentially(SuiteRunner.java:427)
at org.testng.SuiteRunner.privateRun(SuiteRunner.java:387)
at org.testng.SuiteRunner.run(SuiteRunner.java:330)
at org.testng.SuiteRunnerWorker.runSuite(SuiteRunnerWorker.java:52)
at org.testng.SuiteRunnerWorker.run(SuiteRunnerWorker.java:95)
at org.testng.TestNG.runSuitesSequentially(TestNG.java:1256)
at org.testng.TestNG.runSuitesLocally(TestNG.java:1176)
at org.testng.TestNG.runSuites(TestNG.java:1099)
at org.testng.TestNG.run(TestNG.java:1067)
at org.testng.remote.AbstractRemoteTestNG.run(AbstractRemoteTestNG.java:115)
at org.testng.remote.RemoteTestNG.initAndRun(RemoteTestNG.java:251)
at org.testng.remote.RemoteTestNG.main(RemoteTestNG.java:77)
]]>
    </error>
  </testcase> <!-- InvalidEmailRegistrationTest4 -->
  <system-out/>
  <testcase classname="tests.TestRegistration" name="InvalidEmailRegistrationTest5" time="1.973"/>
  <system-out/>
  <testcase classname="tests.TestRegistration" name="EmptyKnowAboutRegistrationTest" time="2.950"/>
  <system-out/>
  <testcase classname="tests.TestRegistration" name="InvalidFNameRegistrationTest">
    <skipped/>
  </testcase> <!-- InvalidFNameRegistrationTest -->
  <system-out/>
  <testcase classname="tests.TestRegistration" name="InvalidLNameRegistrationTest">
    <skipped/>
  </testcase> <!-- InvalidLNameRegistrationTest -->
  <system-out/>
</testsuite> <!-- tests.TestRegistration -->
