<?xml version="1.0" encoding="UTF-8"?>
<!-- Generated by org.testng.reporters.JUnitReportReporter -->
<testsuite hostname="DESKTOP-P7GPACC" failures="0" tests="1" name="tests.TestRegistration" time="1.091" errors="0" timestamp="2022-09-05T15:04:47 EET" skipped="0">
  <testcase classname="tests.TestRegistration" name="ValidRegistrationTest" time="1.091"/>
  <system-out/>
</testsuite> <!-- tests.TestRegistration -->
