<?xml version="1.0" encoding="UTF-8"?>
<!-- Generated by org.testng.reporters.JUnitReportReporter -->
<testsuite hostname="DESKTOP-P7GPACC" failures="0" tests="1" name="tests.TestRegistration" time="7.442" errors="0" timestamp="2022-09-06T19:17:02 EET" skipped="0">
  <testcase classname="tests.TestRegistration" name="ValidRegistrationTest" time="7.442"/>
  <system-out/>
</testsuite> <!-- tests.TestRegistration -->
